2025-08-20 16:00:50 - __main__ - INFO - ============================================================
2025-08-20 16:00:50 - __main__ - INFO - PARCEL LAND USE ZONAL STATISTICS PIPELINE
2025-08-20 16:00:50 - __main__ - INFO - ============================================================
2025-08-20 16:00:50 - __main__ - INFO - Initializing pipeline components
2025-08-20 16:00:50 - __main__ - INFO - ----------------------------------------
2025-08-20 16:00:50 - __main__ - INFO - STEP 1: Loading data
2025-08-20 16:00:50 - src.data_loader - INFO - Loading raster metadata from /home/mihiarc/repos/parcel-lcms/data/LCMS_CONUS_v2024-10_Land_Use_2024.tif
2025-08-20 16:00:50 - rasterio._env - INFO - GDAL signalled an error: err_no=1, msg='/home/mihiarc/anaconda3/lib/gdalplugins/../libgdal.so.35: undefined symbol: sqlite3_total_changes64'
2025-08-20 16:00:50 - rasterio._env - INFO - GDAL signalled an error: err_no=1, msg='/home/mihiarc/anaconda3/lib/gdalplugins/../libgdal.so.35: undefined symbol: sqlite3_total_changes64'
2025-08-20 16:00:50 - rasterio._env - INFO - GDAL signalled an error: err_no=1, msg='/home/mihiarc/anaconda3/lib/gdalplugins/../libgdal.so.35: undefined symbol: sqlite3_total_changes64'
2025-08-20 16:00:50 - rasterio._env - INFO - GDAL signalled an error: err_no=1, msg='/home/mihiarc/anaconda3/lib/gdalplugins/../libgdal.so.35: undefined symbol: sqlite3_total_changes64'
2025-08-20 16:00:50 - rasterio._env - INFO - GDAL signalled an error: err_no=1, msg='/home/mihiarc/anaconda3/lib/gdalplugins/../libgdal.so.35: undefined symbol: sqlite3_total_changes64'
2025-08-20 16:00:50 - rasterio._env - INFO - GDAL signalled an error: err_no=1, msg='/home/mihiarc/anaconda3/lib/gdalplugins/../libgdal.so.35: undefined symbol: sqlite3_total_changes64'
2025-08-20 16:00:50 - rasterio._env - INFO - GDAL signalled an error: err_no=1, msg='/home/mihiarc/anaconda3/lib/gdalplugins/../libgdal.so.35: undefined symbol: sqlite3_total_changes64'
2025-08-20 16:00:50 - rasterio._env - INFO - GDAL signalled an error: err_no=1, msg='/home/mihiarc/anaconda3/lib/gdalplugins/../libgdal.so.35: undefined symbol: sqlite3_total_changes64'
2025-08-20 16:00:50 - rasterio._env - INFO - GDAL signalled an error: err_no=1, msg='/home/mihiarc/anaconda3/lib/gdalplugins/../libgdal.so.35: undefined symbol: sqlite3_total_changes64'
2025-08-20 16:00:50 - rasterio._env - INFO - GDAL signalled an error: err_no=1, msg='/home/mihiarc/anaconda3/lib/gdalplugins/../libgdal.so.35: undefined symbol: sqlite3_total_changes64'
2025-08-20 16:00:50 - rasterio._env - INFO - GDAL signalled an error: err_no=1, msg='/home/mihiarc/anaconda3/lib/gdalplugins/../libgdal.so.35: undefined symbol: sqlite3_total_changes64'
2025-08-20 16:00:50 - rasterio._env - INFO - GDAL signalled an error: err_no=1, msg='/home/mihiarc/anaconda3/lib/gdalplugins/../libgdal.so.35: undefined symbol: sqlite3_total_changes64'
2025-08-20 16:00:50 - rasterio._env - INFO - GDAL signalled an error: err_no=1, msg='/home/mihiarc/anaconda3/lib/gdalplugins/../libgdal.so.35: undefined symbol: sqlite3_total_changes64'
2025-08-20 16:00:50 - rasterio._env - INFO - GDAL signalled an error: err_no=1, msg='/home/mihiarc/anaconda3/lib/gdalplugins/../libgdal.so.35: undefined symbol: sqlite3_total_changes64'
2025-08-20 16:00:50 - rasterio._env - INFO - GDAL signalled an error: err_no=1, msg='/home/mihiarc/anaconda3/lib/gdalplugins/../libgdal.so.35: undefined symbol: sqlite3_total_changes64'
2025-08-20 16:00:50 - rasterio._env - INFO - GDAL signalled an error: err_no=1, msg='/home/mihiarc/anaconda3/lib/gdalplugins/../libgdal.so.35: undefined symbol: sqlite3_total_changes64'
2025-08-20 16:00:50 - rasterio._env - INFO - GDAL signalled an error: err_no=1, msg='/home/mihiarc/anaconda3/lib/gdalplugins/../libgdal.so.35: undefined symbol: sqlite3_total_changes64'
2025-08-20 16:00:50 - rasterio._env - INFO - GDAL signalled an error: err_no=1, msg='/home/mihiarc/anaconda3/lib/gdalplugins/../libgdal.so.35: undefined symbol: sqlite3_total_changes64'
2025-08-20 16:00:50 - rasterio._env - INFO - GDAL signalled an error: err_no=1, msg='/home/mihiarc/anaconda3/lib/gdalplugins/../libgdal.so.35: undefined symbol: sqlite3_total_changes64'
2025-08-20 16:00:50 - rasterio._env - INFO - GDAL signalled an error: err_no=1, msg='/home/mihiarc/anaconda3/lib/gdalplugins/../libgdal.so.35: undefined symbol: sqlite3_total_changes64'
2025-08-20 16:00:50 - rasterio._env - INFO - GDAL signalled an error: err_no=1, msg='libpoppler.so.140: cannot open shared object file: No such file or directory'
2025-08-20 16:00:50 - rasterio._env - INFO - GDAL signalled an error: err_no=1, msg='libpoppler.so.140: cannot open shared object file: No such file or directory'
2025-08-20 16:00:50 - rasterio._env - INFO - GDAL signalled an error: err_no=1, msg='/home/mihiarc/anaconda3/lib/gdalplugins/../libgdal.so.35: undefined symbol: sqlite3_total_changes64'
2025-08-20 16:00:50 - rasterio._env - INFO - GDAL signalled an error: err_no=1, msg='/home/mihiarc/anaconda3/lib/gdalplugins/../libgdal.so.35: undefined symbol: sqlite3_total_changes64'
2025-08-20 16:00:50 - rasterio._env - INFO - GDAL signalled an error: err_no=1, msg='/home/mihiarc/anaconda3/lib/gdalplugins/../libgdal.so.35: undefined symbol: sqlite3_total_changes64'
2025-08-20 16:00:50 - rasterio._env - INFO - GDAL signalled an error: err_no=1, msg='/home/mihiarc/anaconda3/lib/gdalplugins/../libgdal.so.35: undefined symbol: sqlite3_total_changes64'
2025-08-20 16:00:50 - rasterio._env - INFO - GDAL signalled an error: err_no=1, msg='/home/mihiarc/anaconda3/lib/gdalplugins/../libgdal.so.35: undefined symbol: sqlite3_total_changes64'
2025-08-20 16:00:50 - rasterio._env - INFO - GDAL signalled an error: err_no=1, msg='/home/mihiarc/anaconda3/lib/gdalplugins/../libgdal.so.35: undefined symbol: sqlite3_total_changes64'
2025-08-20 16:00:50 - rasterio._env - INFO - GDAL signalled an error: err_no=1, msg='/home/mihiarc/anaconda3/lib/gdalplugins/../libgdal.so.35: undefined symbol: sqlite3_total_changes64'
2025-08-20 16:00:50 - rasterio._env - INFO - GDAL signalled an error: err_no=1, msg='/home/mihiarc/anaconda3/lib/gdalplugins/../libgdal.so.35: undefined symbol: sqlite3_total_changes64'
2025-08-20 16:00:51 - rasterio._env - INFO - GDAL signalled an error: err_no=1, msg='/home/mihiarc/anaconda3/lib/gdalplugins/../libgdal.so.35: undefined symbol: sqlite3_total_changes64'
2025-08-20 16:00:51 - rasterio._env - INFO - GDAL signalled an error: err_no=1, msg='/home/mihiarc/anaconda3/lib/gdalplugins/../libgdal.so.35: undefined symbol: sqlite3_total_changes64'
2025-08-20 16:00:51 - rasterio._env - INFO - GDAL signalled an error: err_no=1, msg='/home/mihiarc/anaconda3/lib/gdalplugins/../libgdal.so.35: undefined symbol: sqlite3_total_changes64'
2025-08-20 16:00:51 - rasterio._env - INFO - GDAL signalled an error: err_no=1, msg='/home/mihiarc/anaconda3/lib/gdalplugins/../libgdal.so.35: undefined symbol: sqlite3_total_changes64'
2025-08-20 16:00:51 - rasterio._env - INFO - GDAL signalled an error: err_no=1, msg='/home/mihiarc/anaconda3/lib/gdalplugins/../libgdal.so.35: undefined symbol: sqlite3_total_changes64'
2025-08-20 16:00:51 - rasterio._env - INFO - GDAL signalled an error: err_no=1, msg='/home/mihiarc/anaconda3/lib/gdalplugins/../libgdal.so.35: undefined symbol: sqlite3_total_changes64'
2025-08-20 16:00:51 - rasterio._env - INFO - GDAL signalled an error: err_no=1, msg='/home/mihiarc/anaconda3/lib/gdalplugins/../libgdal.so.35: undefined symbol: sqlite3_total_changes64'
2025-08-20 16:00:51 - rasterio._env - INFO - GDAL signalled an error: err_no=1, msg='/home/mihiarc/anaconda3/lib/gdalplugins/../libgdal.so.35: undefined symbol: sqlite3_total_changes64'
2025-08-20 16:00:51 - rasterio._env - INFO - GDAL signalled an error: err_no=1, msg='/home/mihiarc/anaconda3/lib/gdalplugins/../libgdal.so.35: undefined symbol: sqlite3_total_changes64'
2025-08-20 16:00:51 - rasterio._env - INFO - GDAL signalled an error: err_no=1, msg='/home/mihiarc/anaconda3/lib/gdalplugins/../libgdal.so.35: undefined symbol: sqlite3_total_changes64'
2025-08-20 16:00:51 - rasterio._env - INFO - GDAL signalled an error: err_no=1, msg='/home/mihiarc/anaconda3/lib/gdalplugins/../libgdal.so.35: undefined symbol: sqlite3_total_changes64'
2025-08-20 16:00:51 - rasterio._env - INFO - GDAL signalled an error: err_no=1, msg='/home/mihiarc/anaconda3/lib/gdalplugins/../libgdal.so.35: undefined symbol: sqlite3_total_changes64'
2025-08-20 16:00:51 - rasterio._env - INFO - GDAL signalled an error: err_no=1, msg='/home/mihiarc/anaconda3/lib/gdalplugins/../libgdal.so.35: undefined symbol: sqlite3_total_changes64'
2025-08-20 16:00:51 - rasterio._env - INFO - GDAL signalled an error: err_no=1, msg='/home/mihiarc/anaconda3/lib/gdalplugins/../libgdal.so.35: undefined symbol: sqlite3_total_changes64'
2025-08-20 16:00:51 - rasterio._env - INFO - GDAL signalled an error: err_no=1, msg='libpoppler.so.140: cannot open shared object file: No such file or directory'
2025-08-20 16:00:51 - rasterio._env - INFO - GDAL signalled an error: err_no=1, msg='libpoppler.so.140: cannot open shared object file: No such file or directory'
2025-08-20 16:00:51 - rasterio._env - INFO - GDAL signalled an error: err_no=1, msg='/home/mihiarc/anaconda3/lib/gdalplugins/../libgdal.so.35: undefined symbol: sqlite3_total_changes64'
2025-08-20 16:00:51 - rasterio._env - INFO - GDAL signalled an error: err_no=1, msg='/home/mihiarc/anaconda3/lib/gdalplugins/../libgdal.so.35: undefined symbol: sqlite3_total_changes64'
2025-08-20 16:00:51 - src.data_loader - INFO - Sampled raster for unique values due to size
2025-08-20 16:00:51 - src.data_loader - INFO - Raster shape: 154180x97279
2025-08-20 16:00:51 - src.data_loader - INFO - CRS: PROJCS["Albers_Conical_Equal_Area",GEOGCS["WGS 84",DATUM["WGS_1984",SPHEROID["WGS 84",6378137,298.257223563,AUTHORITY["EPSG","7030"]],AUTHORITY["EPSG","6326"]],PRIMEM["Greenwich",0],UNIT["degree",0.0174532925199433,AUTHORITY["EPSG","9122"]],AUTHORITY["EPSG","4326"]],PROJECTION["Albers_Conic_Equal_Area"],PARAMETER["latitude_of_center",23],PARAMETER["longitude_of_center",-96],PARAMETER["standard_parallel_1",29.5],PARAMETER["standard_parallel_2",45.5],PARAMETER["false_easting",0],PARAMETER["false_northing",0],UNIT["metre",1,AUTHORITY["EPSG","9001"]],AXIS["Easting",EAST],AXIS["Northing",NORTH]]
2025-08-20 16:00:51 - src.data_loader - INFO - Resolution: (30.0, 30.0)
2025-08-20 16:00:51 - src.data_loader - INFO - Memory requirement: 14303.7 MB
2025-08-20 16:00:51 - src.data_loader - INFO - Unique values: []
2025-08-20 16:00:51 - src.data_loader - INFO - Loading parcels from /home/mihiarc/repos/parcel-lcms/data/ParcelsWithAssessments.parquet
2025-08-20 16:00:51 - src.data_loader - INFO - Available memory: 84.8 GB
2025-08-20 16:00:57 - __main__ - INFO - ============================================================
2025-08-20 16:00:57 - __main__ - INFO - PARCEL LAND USE ZONAL STATISTICS PIPELINE
2025-08-20 16:00:57 - __main__ - INFO - ============================================================
2025-08-20 16:00:57 - __main__ - INFO - Initializing pipeline components
2025-08-20 16:00:57 - __main__ - INFO - ----------------------------------------
2025-08-20 16:00:57 - __main__ - INFO - STEP 1: Loading data
2025-08-20 16:00:57 - src.data_loader - INFO - Loading raster metadata from /home/mihiarc/repos/parcel-lcms/data/LCMS_CONUS_v2024-10_Land_Use_2024.tif
2025-08-20 16:00:57 - rasterio._env - INFO - GDAL signalled an error: err_no=1, msg='/home/mihiarc/anaconda3/lib/gdalplugins/../libgdal.so.35: undefined symbol: sqlite3_total_changes64'
2025-08-20 16:00:57 - rasterio._env - INFO - GDAL signalled an error: err_no=1, msg='/home/mihiarc/anaconda3/lib/gdalplugins/../libgdal.so.35: undefined symbol: sqlite3_total_changes64'
2025-08-20 16:00:57 - rasterio._env - INFO - GDAL signalled an error: err_no=1, msg='/home/mihiarc/anaconda3/lib/gdalplugins/../libgdal.so.35: undefined symbol: sqlite3_total_changes64'
2025-08-20 16:00:57 - rasterio._env - INFO - GDAL signalled an error: err_no=1, msg='/home/mihiarc/anaconda3/lib/gdalplugins/../libgdal.so.35: undefined symbol: sqlite3_total_changes64'
2025-08-20 16:00:57 - rasterio._env - INFO - GDAL signalled an error: err_no=1, msg='/home/mihiarc/anaconda3/lib/gdalplugins/../libgdal.so.35: undefined symbol: sqlite3_total_changes64'
2025-08-20 16:00:57 - rasterio._env - INFO - GDAL signalled an error: err_no=1, msg='/home/mihiarc/anaconda3/lib/gdalplugins/../libgdal.so.35: undefined symbol: sqlite3_total_changes64'
2025-08-20 16:00:57 - rasterio._env - INFO - GDAL signalled an error: err_no=1, msg='/home/mihiarc/anaconda3/lib/gdalplugins/../libgdal.so.35: undefined symbol: sqlite3_total_changes64'
2025-08-20 16:00:57 - rasterio._env - INFO - GDAL signalled an error: err_no=1, msg='/home/mihiarc/anaconda3/lib/gdalplugins/../libgdal.so.35: undefined symbol: sqlite3_total_changes64'
2025-08-20 16:00:57 - rasterio._env - INFO - GDAL signalled an error: err_no=1, msg='/home/mihiarc/anaconda3/lib/gdalplugins/../libgdal.so.35: undefined symbol: sqlite3_total_changes64'
2025-08-20 16:00:57 - rasterio._env - INFO - GDAL signalled an error: err_no=1, msg='/home/mihiarc/anaconda3/lib/gdalplugins/../libgdal.so.35: undefined symbol: sqlite3_total_changes64'
2025-08-20 16:00:57 - rasterio._env - INFO - GDAL signalled an error: err_no=1, msg='/home/mihiarc/anaconda3/lib/gdalplugins/../libgdal.so.35: undefined symbol: sqlite3_total_changes64'
2025-08-20 16:00:57 - rasterio._env - INFO - GDAL signalled an error: err_no=1, msg='/home/mihiarc/anaconda3/lib/gdalplugins/../libgdal.so.35: undefined symbol: sqlite3_total_changes64'
2025-08-20 16:00:57 - rasterio._env - INFO - GDAL signalled an error: err_no=1, msg='/home/mihiarc/anaconda3/lib/gdalplugins/../libgdal.so.35: undefined symbol: sqlite3_total_changes64'
2025-08-20 16:00:57 - rasterio._env - INFO - GDAL signalled an error: err_no=1, msg='/home/mihiarc/anaconda3/lib/gdalplugins/../libgdal.so.35: undefined symbol: sqlite3_total_changes64'
2025-08-20 16:00:57 - rasterio._env - INFO - GDAL signalled an error: err_no=1, msg='/home/mihiarc/anaconda3/lib/gdalplugins/../libgdal.so.35: undefined symbol: sqlite3_total_changes64'
2025-08-20 16:00:57 - rasterio._env - INFO - GDAL signalled an error: err_no=1, msg='/home/mihiarc/anaconda3/lib/gdalplugins/../libgdal.so.35: undefined symbol: sqlite3_total_changes64'
2025-08-20 16:00:57 - rasterio._env - INFO - GDAL signalled an error: err_no=1, msg='/home/mihiarc/anaconda3/lib/gdalplugins/../libgdal.so.35: undefined symbol: sqlite3_total_changes64'
2025-08-20 16:00:57 - rasterio._env - INFO - GDAL signalled an error: err_no=1, msg='/home/mihiarc/anaconda3/lib/gdalplugins/../libgdal.so.35: undefined symbol: sqlite3_total_changes64'
2025-08-20 16:00:57 - rasterio._env - INFO - GDAL signalled an error: err_no=1, msg='/home/mihiarc/anaconda3/lib/gdalplugins/../libgdal.so.35: undefined symbol: sqlite3_total_changes64'
2025-08-20 16:00:57 - rasterio._env - INFO - GDAL signalled an error: err_no=1, msg='/home/mihiarc/anaconda3/lib/gdalplugins/../libgdal.so.35: undefined symbol: sqlite3_total_changes64'
2025-08-20 16:00:57 - rasterio._env - INFO - GDAL signalled an error: err_no=1, msg='libpoppler.so.140: cannot open shared object file: No such file or directory'
2025-08-20 16:00:57 - rasterio._env - INFO - GDAL signalled an error: err_no=1, msg='libpoppler.so.140: cannot open shared object file: No such file or directory'
2025-08-20 16:00:57 - rasterio._env - INFO - GDAL signalled an error: err_no=1, msg='/home/mihiarc/anaconda3/lib/gdalplugins/../libgdal.so.35: undefined symbol: sqlite3_total_changes64'
2025-08-20 16:00:57 - rasterio._env - INFO - GDAL signalled an error: err_no=1, msg='/home/mihiarc/anaconda3/lib/gdalplugins/../libgdal.so.35: undefined symbol: sqlite3_total_changes64'
2025-08-20 16:00:57 - rasterio._env - INFO - GDAL signalled an error: err_no=1, msg='/home/mihiarc/anaconda3/lib/gdalplugins/../libgdal.so.35: undefined symbol: sqlite3_total_changes64'
2025-08-20 16:00:57 - rasterio._env - INFO - GDAL signalled an error: err_no=1, msg='/home/mihiarc/anaconda3/lib/gdalplugins/../libgdal.so.35: undefined symbol: sqlite3_total_changes64'
2025-08-20 16:00:57 - rasterio._env - INFO - GDAL signalled an error: err_no=1, msg='/home/mihiarc/anaconda3/lib/gdalplugins/../libgdal.so.35: undefined symbol: sqlite3_total_changes64'
2025-08-20 16:00:57 - rasterio._env - INFO - GDAL signalled an error: err_no=1, msg='/home/mihiarc/anaconda3/lib/gdalplugins/../libgdal.so.35: undefined symbol: sqlite3_total_changes64'
2025-08-20 16:00:57 - rasterio._env - INFO - GDAL signalled an error: err_no=1, msg='/home/mihiarc/anaconda3/lib/gdalplugins/../libgdal.so.35: undefined symbol: sqlite3_total_changes64'
2025-08-20 16:00:57 - rasterio._env - INFO - GDAL signalled an error: err_no=1, msg='/home/mihiarc/anaconda3/lib/gdalplugins/../libgdal.so.35: undefined symbol: sqlite3_total_changes64'
2025-08-20 16:00:58 - rasterio._env - INFO - GDAL signalled an error: err_no=1, msg='/home/mihiarc/anaconda3/lib/gdalplugins/../libgdal.so.35: undefined symbol: sqlite3_total_changes64'
2025-08-20 16:00:58 - rasterio._env - INFO - GDAL signalled an error: err_no=1, msg='/home/mihiarc/anaconda3/lib/gdalplugins/../libgdal.so.35: undefined symbol: sqlite3_total_changes64'
2025-08-20 16:00:58 - rasterio._env - INFO - GDAL signalled an error: err_no=1, msg='/home/mihiarc/anaconda3/lib/gdalplugins/../libgdal.so.35: undefined symbol: sqlite3_total_changes64'
2025-08-20 16:00:58 - rasterio._env - INFO - GDAL signalled an error: err_no=1, msg='/home/mihiarc/anaconda3/lib/gdalplugins/../libgdal.so.35: undefined symbol: sqlite3_total_changes64'
2025-08-20 16:00:58 - rasterio._env - INFO - GDAL signalled an error: err_no=1, msg='/home/mihiarc/anaconda3/lib/gdalplugins/../libgdal.so.35: undefined symbol: sqlite3_total_changes64'
2025-08-20 16:00:58 - rasterio._env - INFO - GDAL signalled an error: err_no=1, msg='/home/mihiarc/anaconda3/lib/gdalplugins/../libgdal.so.35: undefined symbol: sqlite3_total_changes64'
2025-08-20 16:00:58 - rasterio._env - INFO - GDAL signalled an error: err_no=1, msg='/home/mihiarc/anaconda3/lib/gdalplugins/../libgdal.so.35: undefined symbol: sqlite3_total_changes64'
2025-08-20 16:00:58 - rasterio._env - INFO - GDAL signalled an error: err_no=1, msg='/home/mihiarc/anaconda3/lib/gdalplugins/../libgdal.so.35: undefined symbol: sqlite3_total_changes64'
2025-08-20 16:00:58 - rasterio._env - INFO - GDAL signalled an error: err_no=1, msg='/home/mihiarc/anaconda3/lib/gdalplugins/../libgdal.so.35: undefined symbol: sqlite3_total_changes64'
2025-08-20 16:00:58 - rasterio._env - INFO - GDAL signalled an error: err_no=1, msg='/home/mihiarc/anaconda3/lib/gdalplugins/../libgdal.so.35: undefined symbol: sqlite3_total_changes64'
2025-08-20 16:00:58 - rasterio._env - INFO - GDAL signalled an error: err_no=1, msg='/home/mihiarc/anaconda3/lib/gdalplugins/../libgdal.so.35: undefined symbol: sqlite3_total_changes64'
2025-08-20 16:00:58 - rasterio._env - INFO - GDAL signalled an error: err_no=1, msg='/home/mihiarc/anaconda3/lib/gdalplugins/../libgdal.so.35: undefined symbol: sqlite3_total_changes64'
2025-08-20 16:00:58 - rasterio._env - INFO - GDAL signalled an error: err_no=1, msg='/home/mihiarc/anaconda3/lib/gdalplugins/../libgdal.so.35: undefined symbol: sqlite3_total_changes64'
2025-08-20 16:00:58 - rasterio._env - INFO - GDAL signalled an error: err_no=1, msg='/home/mihiarc/anaconda3/lib/gdalplugins/../libgdal.so.35: undefined symbol: sqlite3_total_changes64'
2025-08-20 16:00:58 - rasterio._env - INFO - GDAL signalled an error: err_no=1, msg='libpoppler.so.140: cannot open shared object file: No such file or directory'
2025-08-20 16:00:58 - rasterio._env - INFO - GDAL signalled an error: err_no=1, msg='libpoppler.so.140: cannot open shared object file: No such file or directory'
2025-08-20 16:00:58 - rasterio._env - INFO - GDAL signalled an error: err_no=1, msg='/home/mihiarc/anaconda3/lib/gdalplugins/../libgdal.so.35: undefined symbol: sqlite3_total_changes64'
2025-08-20 16:00:58 - rasterio._env - INFO - GDAL signalled an error: err_no=1, msg='/home/mihiarc/anaconda3/lib/gdalplugins/../libgdal.so.35: undefined symbol: sqlite3_total_changes64'
2025-08-20 16:00:58 - src.data_loader - INFO - Sampled raster for unique values due to size
2025-08-20 16:00:58 - src.data_loader - INFO - Raster shape: 154180x97279
2025-08-20 16:00:58 - src.data_loader - INFO - CRS: PROJCS["Albers_Conical_Equal_Area",GEOGCS["WGS 84",DATUM["WGS_1984",SPHEROID["WGS 84",6378137,298.257223563,AUTHORITY["EPSG","7030"]],AUTHORITY["EPSG","6326"]],PRIMEM["Greenwich",0],UNIT["degree",0.0174532925199433,AUTHORITY["EPSG","9122"]],AUTHORITY["EPSG","4326"]],PROJECTION["Albers_Conic_Equal_Area"],PARAMETER["latitude_of_center",23],PARAMETER["longitude_of_center",-96],PARAMETER["standard_parallel_1",29.5],PARAMETER["standard_parallel_2",45.5],PARAMETER["false_easting",0],PARAMETER["false_northing",0],UNIT["metre",1,AUTHORITY["EPSG","9001"]],AXIS["Easting",EAST],AXIS["Northing",NORTH]]
2025-08-20 16:00:58 - src.data_loader - INFO - Resolution: (30.0, 30.0)
2025-08-20 16:00:58 - src.data_loader - INFO - Memory requirement: 14303.7 MB
2025-08-20 16:00:58 - src.data_loader - INFO - Unique values: []
2025-08-20 16:00:58 - src.data_loader - INFO - Loading parcels from /home/mihiarc/repos/parcel-lcms/data/ParcelsWithAssessments.parquet
2025-08-20 16:00:58 - src.data_loader - INFO - Available memory: 74.0 GB
2025-08-20 16:01:17 - src.data_loader - INFO - Sampling 10 parcels from 1979520
2025-08-20 16:01:19 - src.data_loader - INFO - Loaded 10 parcels
2025-08-20 16:01:19 - src.data_loader - INFO - CRS: {"$schema": "https://proj.org/schemas/v0.7/projjson.schema.json", "type": "GeographicCRS", "name": "WGS 84", "datum": {"type": "GeodeticReferenceFrame", "name": "World Geodetic System 1984", "ellipsoid": {"name": "WGS 84", "semi_major_axis": 6378137, "inverse_flattening": 298.257223563}}, "coordinate_system": {"subtype": "ellipsoidal", "axis": [{"name": "Geodetic latitude", "abbreviation": "Lat", "direction": "north", "unit": "degree"}, {"name": "Geodetic longitude", "abbreviation": "Lon", "direction": "east", "unit": "degree"}]}, "id": {"authority": "EPSG", "code": 4326}}
2025-08-20 16:01:19 - src.data_loader - INFO - Columns: ['PARCEL_LID', 'ASSESSMENT_LID', 'FIPS_CODE', 'FIPS_STATE_CODE', 'FIPS_MUNI_CODE', 'UNIQUE_PARCEL_APN', 'PARCEL_APN', 'COUNTY', 'TAXAPN', 'TAXAPN_UNF', 'DUPE_TAXAPN_SEQ', 'UNIQUE_TAXAPN', 'ALTERNATE_TAXAPN', 'ALTERNATE_TAXAPN_INDICATOR', 'ALTERNATE_TAXAPN_INDICATOR_DESC', 'ASSOCIATED_ASSESSMENT_COUNT', 'SITE_ADDR', 'SITE_HOUSE_NUMBER', 'SITE_DIRECTION', 'SITE_STREET_NAME', 'SITE_MODE', 'SITE_QUADRANT', 'SITE_UNIT_PREFIX', 'SITE_UNIT_NUMBER', 'SITE_CITY', 'SITE_STATE', 'SITE_ZIP', 'SITE_PLUS_4', 'SITE_CARRIER_CODE', 'ADDR_SCORE', 'CENSUS_TRACT', 'CENSUS_BLOCK_GROUP', 'CENSUS_BLOCK', 'CBSA_CODE', 'MUNICIPALITY', 'MSA_CODE', 'MSA_CODE_DESC', 'AGGR_ACREAGE', 'AGGR_GROUP', 'AGGR_LOT_WIDTH_MEDIAN', 'AGGR_LOT_COUNT', 'OWNER_OCCUPIED', 'OWNER_NAME', 'OWNER_NAME_1', 'OWNER_1_FIRST', 'OWNER_1_LAST', 'OWNER_1_MID', 'OWNER_NAME_2', 'OWNER_2_FIRST', 'OWNER_2_LAST', 'OWNER_2_MID', 'OWNERSHIP_STATUS_CODE', 'OWNERSHIP_STATUS_DESC', 'COMPANY_FLAG', 'OWNER_SRC_CODE', 'TIMESHARE_CODE', 'MAIL_HOUSE_NUMBER', 'MAIL_HOUSE_NUMBER_SUFFIX', 'MAIL_DIRECTION', 'MAIL_STREET_NAME', 'MAIL_MODE', 'MAIL_QUADRANT', 'MAIL_UNIT_PREFIX', 'MAIL_UNIT_NUMBER', 'MAIL_CITY', 'MAIL_STATE', 'MAIL_ZIP', 'MAIL_PLUS_4', 'MAIL_CRRT', 'MAIL_CARE_OF_NAME', 'MAIL_ADDR', 'USE_CODE_MUNI', 'USE_CODE_MUNI_DESC', 'USE_CODE_STD_LPS', 'USE_CODE_STD_DESC_LPS', 'USE_CODE_STD_CTGR_DESC_LPS', 'USE_CODE_STD_CTGR_LPS', 'STATE_LAND_USE_CODE', 'STATE_LAND_USE_CODE_DESC', 'LOT_WIDTH', 'LOT_DEPTH', 'ACREAGE', 'LAND_SQFT', 'ASSR_ACREAGE', 'ASSR_SQFT', 'CAL_ACREAGE', 'CAL_SQFT', 'LOT_SIZE_AREA', 'LOT_SIZE_AREA_UNIT', 'LOT_SIZE_AREA_ORGN', 'TOPOGRAPHY', 'TOPOGRAPHY_DESC', 'VAL_ASSD', 'VAL_ASSD_LAND', 'VAL_ASSD_IMPRV', 'IMPRV_PCT', 'VAL_MARKET', 'LAND_PER_SQFT', 'IMPRV_PER_SQFT', 'DATE_CERT', 'RECORD_TYPE', 'RECORD_TYPE_DESC', 'ASMT_RCDRS_BOOK', 'ASMT_RCDRS_PAGE', 'VAL_MRKT_LAND', 'VAL_MRKT_IMPRV', 'YR_MRKT_VAL', 'DATE_ASSR_TAPE_CUT', 'ASMT_YEAR', 'ASMT_RCDRS_DOC_NUMBER', 'ASMT_RCDRS_DATE_TRANSFER', 'ASMT_DOC_TYPE', 'ASMT_VAL_TRANSFER', 'ASMT_SALE_CODE', 'ASMT_SALE_CODE_DESC', 'ASMT_PRIOR_SALE_DATE_TRANSFER', 'ASMT_PRIOR_SALE_VAL_TRANSFER', 'ASMT_PRIOR_SALE_SALE_CODE', 'ASMT_LNDR_NAME', 'BLOCK_NUMBER', 'LOT_NUMBER', 'SUBDIVISION', 'TRACT_NUMBER', 'LEGAL_1', 'LOT_CODE', 'LAND_LOT', 'DISTRICT', 'LEGAL_UNIT', 'PHASE_NBR', 'ASSR_MAP_REF', 'CITY_SECTION', 'LEGAL_FULL', 'LEGAL_SEC_TWP_RNG', 'ZONING', 'TOWNSHIP', 'RANGE', 'SECTION', 'TAX_RATE_CODE_AREA', 'TAX_SRC_CODE', 'TAX_ACCT_NBR', 'TAX_YEAR', 'TAX_AMOUNT', 'TAX_YEAR_DELINQ', 'TAX_EXEMPT_CODES', 'TAX_EXEMPT_CODES_DESC', 'CA_HOME_OWNERS_EXEMPT', 'YR_BLT', 'YR_BLT_EFFECT', 'BLDG_NUMBER', 'BUILDING_SQFT', 'BSMT_1_CODE', 'BASEMENT_FINISH_DESC', 'ELECT_AVAIL_CODE', 'ELECT_AVAIL_CODE_DESC', 'BEDROOMS', 'TOTAL_ROOMS', 'TOTAL_BATHS_CALCULATED', 'TOTAL_BATHS', 'PARTIAL_BATHS', 'AIR_CONDITIONING', 'AIR_CONDITIONING_TYPE_DESC', 'CONSTRUCTION_CODE', 'CONSTRUCTION_CODE_DESC', 'EXTERIOR_WALL_TYPE', 'EXTERIOR_WALL_DESC', 'FIREPLACE_TYPE', 'FOUNDATION_TYPE', 'FOUNDATION_TYPE_DESC', 'GARAGE_CARPORT_TYPE', 'GARAGE_CODE_DESC', 'HEATING_TYPE', 'HEATING_DESC', 'PARKING_SPACES', 'POOL_INDICATOR', 'POOL_INDICATOR_DESC', 'ROOF_COVER_TYPE', 'ROOF_COVER_DESC', 'STORIES_NUMBER', 'STORIES_NUMBER_DESC', 'STYLE_TYPE', 'STYLE_DESC', 'UNITS_NUMBER', 'BLDG_CLASS', 'BLDG_CLASS_DESC', 'BUILDING_QUALITY', 'FLOOR_COVER', 'FLOOR_COVER_DESC', 'PLUMBING_FIXTURES', 'HEATING_FUEL_TYPE', 'HEATING_FUEL_TYPE_DESC', 'AIR_CONDITIONING_TYPE', 'AIR_CONDITIONING_DESC', 'INTERIOR_WALLS', 'INTERIOR_WALLS_DESC', 'BLDG_AREA_1', 'BLDG_AREA_1_INDICATOR', 'BLDG_AREA_1_DESC', 'BLDG_AREA_2', 'BLDG_AREA_2_INDICATOR', 'BLDG_AREA_2_DESC', 'BLDG_AREA_3', 'BLDG_AREA_3_INDICATOR', 'BLDG_AREA_3_DESC', 'BLDG_AREA_4', 'BLDG_AREA_4_INDICATOR', 'BLDG_AREA_4_DESC', 'BLDG_AREA_5', 'BLDG_AREA_5_INDICATOR', 'BLDG_AREA_5_DESC', 'BLDG_AREA_6', 'BLDG_AREA_6_INDICATOR', 'BLDG_AREA_6_DESC', 'BLDG_AREA_7', 'BLDG_AREA_7_INDICATOR', 'BLDG_AREA_7_DESC', 'SCHOOL_TAX_DIST_1', 'SCHOOL_TAX_DIST_1_IND', 'SCHOOL_TAX_DIST_1_DESC', 'SCHOOL_TAX_DIST_2', 'SCHOOL_TAX_DIST_2_IND', 'SCHOOL_TAX_DIST_2_DESC', 'SCHOOL_TAX_DIST_3', 'SCHOOL_TAX_DIST_3_IND', 'SCHOOL_TAX_DIST_3_DESC', 'SITE_INFLUENCE', 'SITE_INFLUENCE_DESCRIPTION', 'AMENITIES', 'AMENITIES_DESC', 'AMENITIES_2', 'AMENITIES_2_DESC', 'OTHER_IMPR_BLDG_IND_1', 'OTHER_IMPR_BLDG_1_DESC', 'OTHER_IMPR_BLDG_IND_2', 'OTHER_IMPR_BLDG_2_DESC', 'OTHER_IMPR_BLDG_IND_3', 'OTHER_IMPR_BLDG_3_DESC', 'OTHER_IMPR_BLDG_IND_4', 'OTHER_IMPR_BLDG_4_DESC', 'OTHER_IMPR_BLDG_IND_5', 'OTHER_IMPR_BLDG_5_DESC', 'NEIGHBORHOOD_CODE', 'CONDO_PROJECT_BUILDING_NAME', 'OTHER_IMPR_BLDG_AREA_1', 'OTHER_IMPR_BLDG_AREA_1_DIMENSIONS', 'OTHER_IMPR_BLDG_AREA_1_SQFT', 'OTHER_IMPR_BLDG_AREA_2', 'OTHER_IMPR_BLDG_AREA_2_DIMENSIONS', 'OTHER_IMPR_BLDG_AREA_2_SQFT', 'OTHER_IMPR_BLDG_AREA_3', 'OTHER_IMPR_BLDG_AREA_3_DIMENSIONS', 'OTHER_IMPR_BLDG_AREA_3_SQFT', 'OTHER_IMPR_BLDG_AREA_4', 'OTHER_IMPR_BLDG_AREA_4_DIMENSIONS', 'OTHER_IMPR_BLDG_AREA_4_SQFT', 'OTHER_IMPR_BLDG_AREA_5', 'OTHER_IMPR_BLDG_AREA_5_DIMENSIONS', 'OTHER_IMPR_BLDG_AREA_5_SQFT', 'OTHER_ROOMS', 'OTHER_ROOMS_DESC', 'EXTRA_FEATURES_AREA_1', 'EXTRA_FEATURES_AREA_1_DIMENSIONS', 'EXTRA_FEATURES_AREA_1_SQFT', 'EXTRA_FEATURES_AREA_1_IND', 'EXTRA_FEATURES_AREA_1_DESC', 'EXTRA_FEATURES_AREA_2', 'EXTRA_FEATURES_AREA_2_DIMENSIONS', 'EXTRA_FEATURES_AREA_2_SQFT', 'EXTRA_FEATURES_AREA_2_IND', 'EXTRA_FEATURES_AREA_2_DESC', 'EXTRA_FEATURES_AREA_3', 'EXTRA_FEATURES_AREA_3_DIMENSIONS', 'EXTRA_FEATURES_AREA_3_SQFT', 'EXTRA_FEATURES_AREA_3_IND', 'EXTRA_FEATURES_AREA_3_DESC', 'EXTRA_FEATURES_AREA_4', 'EXTRA_FEATURES_AREA_4_DIMENSIONS', 'EXTRA_FEATURES_AREA_4_SQFT', 'EXTRA_FEATURES_AREA_4_IND', 'EXTRA_FEATURES_AREA_4_DESC', 'ROOF_TYPE', 'ROOF_TYPE_DESC', 'BUILDING_CONDITION', 'BUILDING_CONDITION_DESC', 'WATER', 'WATER_CODE_DESC', 'SEWER', 'SEWER_DESC', 'BUILDING_AREA_INDICATOR', 'BUILDING_AREA_INDICATOR_DESC', 'ASMT_MAIL_CARE_OF_NAME_INDICATOR', 'ASMT_MAIL_CARE_OF_NAME_TYPE', 'ASMT_MAIL_CARE_OF_NAME', 'ASMT_MAIL_HOUSE_NUMBER', 'ASMT_MAIL_DIRECTION', 'ASMT_MAIL_STREET_NAME', 'ASMT_MAIL_MODE', 'ASMT_MAIL_QUADRANT', 'ASMT_MAIL_CARRIER_CODE', 'ASMT_OWNER_OCCUPIED', 'GEOMETRY_SOURCE', 'POINT_GEOMETRY', 'geometry']
2025-08-20 16:01:19 - src.data_loader - INFO - Memory usage: 0.1 MB
2025-08-20 16:01:19 - src.data_loader - INFO - Acreage statistics:
count    10.000000
mean      5.281250
std      12.558949
min       0.088700
25%       0.198075
50%       0.658650
75%       1.523525
max      40.486100
Name: CAL_ACREAGE, dtype: float64
2025-08-20 16:01:19 - src.data_loader - WARNING - CRS mismatch: Raster PROJCS["Albers_Conical_Equal_Area",GEOGCS["WGS 84",DATUM["WGS_1984",SPHEROID["WGS 84",6378137,298.257223563,AUTHORITY["EPSG","7030"]],AUTHORITY["EPSG","6326"]],PRIMEM["Greenwich",0],UNIT["degree",0.0174532925199433,AUTHORITY["EPSG","9122"]],AUTHORITY["EPSG","4326"]],PROJECTION["Albers_Conic_Equal_Area"],PARAMETER["latitude_of_center",23],PARAMETER["longitude_of_center",-96],PARAMETER["standard_parallel_1",29.5],PARAMETER["standard_parallel_2",45.5],PARAMETER["false_easting",0],PARAMETER["false_northing",0],UNIT["metre",1,AUTHORITY["EPSG","9001"]],AXIS["Easting",EAST],AXIS["Northing",NORTH]] vs Parcels {"$schema": "https://proj.org/schemas/v0.7/projjson.schema.json", "type": "GeographicCRS", "name": "WGS 84", "datum": {"type": "GeodeticReferenceFrame", "name": "World Geodetic System 1984", "ellipsoid": {"name": "WGS 84", "semi_major_axis": 6378137, "inverse_flattening": 298.257223563}}, "coordinate_system": {"subtype": "ellipsoidal", "axis": [{"name": "Geodetic latitude", "abbreviation": "Lat", "direction": "north", "unit": "degree"}, {"name": "Geodetic longitude", "abbreviation": "Lon", "direction": "east", "unit": "degree"}]}, "id": {"authority": "EPSG", "code": 4326}}
2025-08-20 16:01:19 - src.data_loader - INFO - Parcels will need to be reprojected
2025-08-20 16:01:19 - src.data_loader - INFO - Raster bounds: BoundingBox(left=-2361585.0, bottom=259065.0, right=2263815.0, top=3177435.0)
2025-08-20 16:01:19 - src.data_loader - INFO - Parcel bounds: [-123.90037252   42.43568283 -118.7307149    45.55267257]
2025-08-20 16:01:19 - src.data_loader - INFO - Processing estimates:
2025-08-20 16:01:19 - src.data_loader - INFO -   total_parcels: 10
2025-08-20 16:01:19 - src.data_loader - INFO -   raster_size_mb: 14303.661556243896
2025-08-20 16:01:19 - src.data_loader - INFO -   parcel_size_mb: 0.10170650482177734
2025-08-20 16:01:19 - src.data_loader - INFO -   estimated_chunks: 1
2025-08-20 16:01:19 - src.data_loader - INFO -   estimated_memory_peak_mb: 1000.1017065048218
2025-08-20 16:01:19 - __main__ - INFO - DRY RUN MODE - Analysis complete
2025-08-20 16:01:19 - __main__ - INFO - Would process 10 parcels
2025-08-20 16:01:19 - __main__ - INFO - Estimated chunks: 1
2025-08-20 16:01:19 - __main__ - INFO - Estimated memory: 1000.1017065048218 MB
